<?xml version="1.0" encoding="UTF-8"?>
<testsuite name="capstoneProject"
           tests="5"
           failures="0"
           errors="0"
           skipped="0"
           time="47.124">
    <properties></properties>



            <testcase
                name="emptyCart"
                time="9.856"
                classname="test.ProductAddToCartTest">
            </testcase>
            <testcase
                name="productsValueEqualsTotalPrice"
                time="3.080"
                classname="test.ProductAddToCartTest">
            </testcase>
            <testcase
                name="refreshAndCheck"
                time="6.140"
                classname="test.ProductAddToCartTest">
            </testcase>
            <testcase
                name="addedToCartQuantityCheck"
                time="5.137"
                classname="test.ProductAddToCartTest">
            </testcase>
            <testcase
                name="addProductToCart"
                time="22.911"
                classname="test.ProductAddToCartTest">
            </testcase>
</testsuite>
